[15732:960:0923/155348:INFO:AppRunner.cpp(619)] Begin run process geeplayer
[15732:960:0923/155348:INFO:AppRunner.cpp(623)] ProductName is GeePlayer1
[15732:960:0923/155348:INFO:AppRunner.cpp(662)] apppluginbase version is 4.3.4.80
[15732:960:0923/155348:INFO:UIlib.cpp(192)] quilib: version is 4.3.4.78
[15732:960:0923/155348:INFO:serviceManager.cpp(687)] mainprocessisrunning key is set as 1
[15732:960:0923/155348:INFO:serviceManager.cpp(800)] create local service plugin PluginServerStatePlugin
[15732:960:0923/155348:INFO:serviceManager.cpp(857)] plugin PluginServerStatePlugin DoPluginInit
[15732:960:0923/155348:INFO:serviceManager.cpp(1523)] repository parse over
[15732:960:0923/155348:INFO:UIManager.cpp(372)] quilib:call set resouce path, path is c:\program files (x86)\iqiyi video\geeplayer\2.5.38.3449\skin
[15732:960:0923/155348:INFO:UIDlgBuilder.cpp(407)] quilib:create root control failed
[15732:960:0923/155348:INFO:UIDlgBuilder.cpp(407)] quilib:create root control failed
[15732:960:0923/155348:INFO:UIDlgBuilder.cpp(407)] quilib:create root control failed
[15732:960:0923/155348:INFO:UIDlgBuilder.cpp(407)] quilib:create root control failed
[15732:960:0923/155348:INFO:UIDlgBuilder.cpp(407)] quilib:create root control failed
[15732:960:0923/155348:INFO:UIDlgBuilder.cpp(407)] quilib:create root control failed
[15732:960:0923/155349:INFO:UIDlgBuilder.cpp(407)] quilib:create root control failed
[15732:960:0923/155403:INFO:AppRunner.cpp(715)] loop exit geeplayer call main plugin DestoryPluginEntry
[15732:960:0923/155403:INFO:IPlugin.cpp(117)] real plugin mainPlugin call DestroyPlugin
[15732:960:0923/155403:INFO:IPlugin.cpp(374)] destruct plugin mainPlugin
[15732:960:0923/155403:INFO:serviceManager.cpp(1608)] mainPlugin plugin had destroy by DestructPlugin
[15732:960:0923/155403:INFO:serviceManager.cpp(2532)] DestructManager begin
[15732:960:0923/155403:INFO:IPlugin.cpp(374)] destruct plugin PluginServerStatePlugin
[15732:960:0923/155403:INFO:IPlugin.cpp(286)] real plugin PluginServerStatePlugin call DestroyPlugin
[15732:960:0923/155403:INFO:serviceManager.cpp(1608)] PluginServerStatePlugin plugin had destroy by DestructPlugin
[15732:960:0923/155403:INFO:serviceManager.cpp(2408)] DeleteLeftPlugins begin
[15732:960:0923/155403:INFO:serviceManager.cpp(2470)] DeleteLeftPlugins end
[15732:960:0923/155403:INFO:serviceManager.cpp(687)] mainprocessisrunning key is set as 0
[15732:960:0923/155403:INFO:AppRunner.cpp(730)] close mutex of process geeplayer
[15732:960:0923/155403:INFO:AppRunner.cpp(738)] run process geeplayer end
